72
(0 (13 w *e*) (12 t *e*) (11 i *e*) (10 c *e*) (9 s *e*) (8 s *e*) (7 c *e*) (6 a *e*) (5 s *e*) (4 s *e*) (3 e *e*) (2 s *e*) (1 s *e*))
(1 (67 p *e*))
(2 (64 u *e*))
(3 (63 n *e*))
(4 (59 p *e*))
(5 (56 a *e*))
(6 (54 t *e*))
(7 (49 a *e*))
(8 (46 i *e*))
(9 (42 p *e*))
(10 (40 u *e*))
(11 (34 m *e*))
(12 (31 a *e*))
(13 (14 a *e*))
(14 (15 l *e*))
(15 (16 k *e*))
(16 (18 *e* reg_verb_stem) (17 *e* reg_verb_stem))
(17 (20) (26))
(18 (20) (19))
(19 (22 e *e*) (21 e *e*))
(20 (72 1!))
(21 (25 d *e*))
(22 (23 d *e*))
(23 (24 *e* past))
(24 (72 1!))
(25 (24 *e* past_participle))
(26 (28 i *e*) (27 s *e*))
(27 (24 *e* 3sg))
(28 (29 n *e*))
(29 (30 g *e*))
(30 (24 *e* pres_part))
(31 (32 l *e*))
(32 (33 k *e*))
(33 (18 *e* reg_verb_stem) (17 *e* reg_verb_stem))
(34 (35 p *e*))
(35 (36 e *e*))
(36 (37 a *e*))
(37 (38 c *e*))
(38 (39 h *e*))
(39 (18 *e* reg_verb_stem) (17 *e* reg_verb_stem))
(40 (41 t *e*))
(41 (17 *e* irreg_verb_stem))
(42 (43 e *e*))
(43 (44 a *e*))
(44 (45 k *e*))
(45 (17 *e* irreg_verb_stem))
(46 (47 n *e*))
(47 (48 g *e*))
(48 (17 *e* irreg_verb_stem))
(49 (50 u *e*))
(50 (51 g *e*))
(51 (52 h *e*))
(52 (53 t *e*))
(53 (24 *e* irreg_past_verb_form))
(54 (55 e *e*))
(55 (24 *e* irreg_past_verb_form))
(56 (57 n *e*))
(57 (58 g *e*))
(58 (24 *e* irreg_past_verb_form))
(59 (60 o *e*))
(60 (61 k *e*))
(61 (62 e *e*))
(62 (24 *e* irreg_past_verb_form))
(63 (24 *e* irreg_past_verb_form))
(64 (65 n *e*))
(65 (66 g *e*))
(66 (24 *e* irreg_past_verb_form))
(67 (68 o *e*))
(68 (69 k *e*))
(69 (70 e *e*))
(70 (71 n *e*))
(71 (24 *e* irreg_past_verb_form))
(72)
