72
(0 (13 w w) (12 t t) (11 i i) (10 c c) (9 s s) (8 s s) (7 c c) (6 a a) (5 s s) (4 s s) (3 e e) (2 s s) (1 s s))
(1 (67 p p))
(2 (64 u u))
(3 (63 n n))
(4 (59 p p))
(5 (56 a a))
(6 (54 t t))
(7 (49 a a))
(8 (46 i i))
(9 (42 p p))
(10 (40 u u))
(11 (34 m m))
(12 (31 a a))
(13 (14 a a))
(14 (15 l l))
(15 (16 k k))
(16 (18 *e* reg_verb_stem) (17 *e* reg_verb_stem))
(17 (20) (26))
(18 (20) (19))
(19 (22 e e) (21 e e))
(20 (72 1!))
(21 (25 d d))
(22 (23 d d))
(23 (24 *e* past))
(24 (72 1!))
(25 (24 *e* past_participle))
(26 (28 i i) (27 s s))
(27 (24 *e* 3sg))
(28 (29 n n))
(29 (30 g g))
(30 (24 *e* pres_part))
(31 (32 l l))
(32 (33 k k))
(33 (18 *e* reg_verb_stem) (17 *e* reg_verb_stem))
(34 (35 p p))
(35 (36 e e))
(36 (37 a a))
(37 (38 c c))
(38 (39 h h))
(39 (18 *e* reg_verb_stem) (17 *e* reg_verb_stem))
(40 (41 t t))
(41 (17 *e* irreg_verb_stem))
(42 (43 e e))
(43 (44 a a))
(44 (45 k k))
(45 (17 *e* irreg_verb_stem))
(46 (47 n n))
(47 (48 g g))
(48 (17 *e* irreg_verb_stem))
(49 (50 u u))
(50 (51 g g))
(51 (52 h h))
(52 (53 t t))
(53 (24 *e* irreg_past_verb_form))
(54 (55 e e))
(55 (24 *e* irreg_past_verb_form))
(56 (57 n n))
(57 (58 g g))
(58 (24 *e* irreg_past_verb_form))
(59 (60 o o))
(60 (61 k k))
(61 (62 e e))
(62 (24 *e* irreg_past_verb_form))
(63 (24 *e* irreg_past_verb_form))
(64 (65 n n))
(65 (66 g g))
(66 (24 *e* irreg_past_verb_form))
(67 (68 o o))
(68 (69 k k))
(69 (70 e e))
(70 (71 n n))
(71 (24 *e* irreg_past_verb_form))
(72)
