F
(q0 (q1 w *e*))
(q1 (q2 a *e*))
(q2 (q3 l *e*))
(q3 (q4 k *e*))
(q4 (F *e* reg_verb_stem))
(q0 (q5 t *e*))
(q5 (q6 a *e*))
(q6 (q7 l *e*))
(q7 (q8 k *e*))
(q8 (F *e* reg_verb_stem))
(q0 (q9 i *e*))
(q9 (q10 m *e*))
(q10 (q11 p *e*))
(q11 (q12 e *e*))
(q12 (q13 a *e*))
(q13 (q14 c *e*))
(q14 (q15 h *e*))
(q15 (F *e* reg_verb_stem))
(q0 (q16 c *e*))
(q16 (q17 u *e*))
(q17 (q18 t *e*))
(q18 (F *e* irreg_verb_stem))
(q0 (q19 s *e*))
(q19 (q20 p *e*))
(q20 (q21 e *e*))
(q21 (q22 a *e*))
(q22 (q23 k *e*))
(q23 (F *e* irreg_verb_stem))
(q0 (q24 s *e*))
(q24 (q25 i *e*))
(q25 (q26 n *e*))
(q26 (q27 g *e*))
(q27 (F *e* irreg_verb_stem))
(q0 (q28 c *e*))
(q28 (q29 a *e*))
(q29 (q30 u *e*))
(q30 (q31 g *e*))
(q31 (q32 h *e*))
(q32 (q33 t *e*))
(q33 (F *e* irreg_past_verb_form))
(q0 (q34 a *e*))
(q34 (q35 t *e*))
(q35 (q36 e *e*))
(q36 (F *e* irreg_past_verb_form))
(q0 (q37 s *e*))
(q37 (q38 a *e*))
(q38 (q39 n *e*))
(q39 (q40 g *e*))
(q40 (F *e* irreg_past_verb_form))
(q0 (q41 s *e*))
(q41 (q42 p *e*))
(q42 (q43 o *e*))
(q43 (q44 k *e*))
(q44 (q45 e *e*))
(q45 (F *e* irreg_past_verb_form))
(q0 (q46 e *e*))
(q46 (q47 a *e*))
(q47 (q48 t *e*))
(q0 (q49 e *e*))
(q49 (q50 n *e*))
(q50 (F *e* irreg_past_verb_form))
(q0 (q51 s *e*))
(q51 (q52 u *e*))
(q52 (q53 n *e*))
(q53 (q54 g *e*))
(q54 (F *e* irreg_past_verb_form))
(q0 (q55 s *e*))
(q55 (q56 p *e*))
(q56 (q57 o *e*))
(q57 (q58 k *e*))
(q58 (q59 e *e*))
(q59 (q60 n *e*))
(q60 (F *e* irreg_past_verb_form))
(q0 (q61 e *e*))
(q61 (q62 d *e*))
(q62 (F *e* past))
(q0 (q63 e *e*))
(q63 (q64 d *e*))
(q64 (F *e* past_participle))
(q0 (q65 i *e*))
(q65 (q66 n *e*))
(q66 (q67 g *e*))
(q67 (F *e* pres_part))
(q0 (q68 s *e*))
(q68 (F *e* 3sg))
(F (q0 *e*))
